2025-08-31 00:31:00,078 - ChecksumDebugger - INFO - setup_logging:72 - Checksum debugging initialized - Remote: 10.69.69.235
2025-08-31 00:31:00,078 - ChecksumDebugger - INFO - create_test_pattern_file:79 - Creating sequential pattern file: debug_sequential_32kb.bin (32KB)
2025-08-31 00:31:00,080 - ChecksumDebugger - DEBUG - create_test_pattern_file:98 - Pattern: Sequential 0x00-0xFF, size=32768
2025-08-31 00:31:00,080 - ChecksumDebugger - INFO - create_test_pattern_file:124 - Created debug_sequential_32kb.bin: 32768 bytes, SHA256: e11360251d117365...
2025-08-31 00:31:00,080 - ChecksumDebugger - INFO - debug_packetfs_transfer:148 - 🚀 Debug transfer starting: debug_sequential_32kb.bin
2025-08-31 00:31:00,080 - ChecksumDebugger - INFO - debug_packetfs_transfer:151 - 📤 Copying test file to remote...
2025-08-31 00:31:00,399 - ChecksumDebugger - DEBUG - debug_packetfs_transfer:160 - Rsync output: sending incremental file list
debug_sequential_32kb.bin

sent 391 bytes  received 35 bytes  852.00 bytes/sec
total size is 32,768  speedup is 76.92

2025-08-31 00:31:00,399 - ChecksumDebugger - INFO - debug_packetfs_transfer:169 - 🎯 Starting PacketFS server with debug output...
2025-08-31 00:31:03,401 - ChecksumDebugger - INFO - debug_packetfs_transfer:180 - Original file: 32768 bytes, SHA256: e11360251d117365...
2025-08-31 00:31:03,401 - ChecksumDebugger - DEBUG - debug_packetfs_transfer:188 - Original first chunk (64 bytes):
HEX: 00 01 02 03 04 05 06 07 08 09 0a 0b 0c 0d 0e 0f 10 11 12 13 14 15 16 17 18 19 1a 1b 1c 1d 1e 1f 20 21 22 23 24 25 26 27 28 29 2a 2b 2c 2d 2e 2f 30 31 32 33 34 35 36 37 38 39 3a 3b 3c 3d 3e 3f
ASC: ................................ !"#$%&'()*+,-./0123456789:;<=>?
2025-08-31 00:31:03,401 - ChecksumDebugger - DEBUG - debug_packetfs_transfer:189 - Original last chunk (64 bytes):
HEX: 00 01 02 03 04 05 06 07 08 09 0a 0b 0c 0d 0e 0f 10 11 12 13 14 15 16 17 18 19 1a 1b 1c 1d 1e 1f 20 21 22 23 24 25 26 27 28 29 2a 2b 2c 2d 2e 2f 30 31 32 33 34 35 36 37 38 39 3a 3b 3c 3d 3e 3f
ASC: ................................ !"#$%&'()*+,-./0123456789:;<=>?
2025-08-31 00:31:03,401 - ChecksumDebugger - INFO - debug_packetfs_transfer:198 - 📥 Starting transfer: /home/punk/debug_sequential_32kb.bin -> received_debug_debug_sequential_32kb.bin
2025-08-31 00:31:03,408 - ChecksumDebugger - DEBUG - debug_packetfs_transfer:215 - Server stderr:
usage: packetfs_file_transfer.py [-h] [--host HOST] [--port PORT]
                                 [--remote-file REMOTE_FILE]
                                 [--local-file LOCAL_FILE]
                                 {server,client}
packetfs_file_transfer.py: error: unrecognized arguments: --debug

2025-08-31 00:31:03,408 - ChecksumDebugger - INFO - debug_packetfs_transfer:225 - Received file: 32768 bytes, SHA256: edd008b9072d85bc...
2025-08-31 00:31:03,408 - ChecksumDebugger - DEBUG - debug_packetfs_transfer:233 - Received first chunk (64 bytes):
HEX: 00 00 40 80 c1 01 41 81 c2 02 42 82 c3 03 43 83 c4 04 44 84 c5 05 45 85 c6 06 46 86 c7 07 47 87 c8 08 48 88 c9 09 49 89 ca 0a 4a 8a cb 0b 4b 8b cc 0c 4c 8c cd 0d 4d 8d ce 0e 4e 8e cf 0f 4f 8f
ASC: ..@...A...B...C...D...E...F...G...H...I...J...K...L...M...N...O.
2025-08-31 00:31:03,408 - ChecksumDebugger - DEBUG - debug_packetfs_transfer:234 - Received last chunk (64 bytes):
HEX: 00 00 40 80 c1 01 41 81 c2 02 42 82 c3 03 43 83 c4 04 44 84 c5 05 45 85 c6 06 46 86 c7 07 47 87 c8 08 48 88 c9 09 49 89 ca 0a 4a 8a cb 0b 4b 8b cc 0c 4c 8c cd 0d 4d 8d ce 0e 4e 8e cf 0f 4f 8f
ASC: ..@...A...B...C...D...E...F...G...H...I...J...K...L...M...N...O.
2025-08-31 00:31:03,408 - ChecksumDebugger - INFO - debug_packetfs_transfer:242 - Size match: True (32768 vs 32768)
2025-08-31 00:31:03,408 - ChecksumDebugger - INFO - debug_packetfs_transfer:243 - Hash match: False
2025-08-31 00:31:03,408 - ChecksumDebugger - INFO - debug_packetfs_transfer:244 - First chunk match: False
2025-08-31 00:31:03,408 - ChecksumDebugger - INFO - debug_packetfs_transfer:245 - Last chunk match: False
2025-08-31 00:31:03,408 - ChecksumDebugger - WARNING - debug_packetfs_transfer:251 - First difference at byte 1: original=0x01, received=0x00
2025-08-31 00:31:03,408 - ChecksumDebugger - INFO - debug_packetfs_transfer:273 - ✅ Transfer completed: 4.80 MB/s, Integrity: ❌
